当前时间：2018/2/2 9:42:18
异常信息：无效的 URI: 未能确定 URI 的格式。
异常对象：System
调用堆栈：
在 System.Uri.CreateThis(String uri, Boolean dontEscape, UriKind uriKind)
   在 System.Uri..ctor(String uriString)
   在 System.Net.WebRequest.Create(String requestUriString)
   在 shell.websocket.DownFile(String path, String adress) 位置 G:\shell\shell1.2\shell\websocket.cs:行号 755
   在 shell.websocket.ProBoomTempletInfo(JObject JO, Socket socket) 位置 G:\shell\shell1.2\shell\websocket.cs:行号 1243
触发方法：Void CreateThis(System.String, Boolean, System.UriKind)

当前时间：2018/2/2 9:46:30
异常信息：无效的 URI: 未能确定 URI 的格式。
异常对象：System
调用堆栈：
在 System.Uri.CreateThis(String uri, Boolean dontEscape, UriKind uriKind)
   在 System.Uri..ctor(String uriString)
   在 System.Net.WebRequest.Create(String requestUriString)
   在 shell.websocket.DownFile(String path, String adress) 位置 G:\shell\shell1.2\shell\websocket.cs:行号 755
   在 shell.websocket.ProBoomTempletInfo(JObject JO, Socket socket) 位置 G:\shell\shell1.2\shell\websocket.cs:行号 1243
触发方法：Void CreateThis(System.String, Boolean, System.UriKind)

当前时间：2018/2/2 9:50:08
异常信息：无效的 URI: 未能确定 URI 的格式。
异常对象：System
调用堆栈：
在 System.Uri.CreateThis(String uri, Boolean dontEscape, UriKind uriKind)
   在 System.Uri..ctor(String uriString)
   在 System.Net.WebRequest.Create(String requestUriString)
   在 shell.websocket.DownFile(String path, String adress)
   在 shell.websocket.ProBoomTempletInfo(JObject JO, Socket socket)
触发方法：Void CreateThis(System.String, Boolean, System.UriKind)

当前时间：2018/2/2 10:09:51
异常信息：无效的 URI: 未能确定 URI 的格式。
异常对象：System
调用堆栈：
在 System.Uri.CreateThis(String uri, Boolean dontEscape, UriKind uriKind)
   在 System.Uri..ctor(String uriString)
   在 System.Net.WebRequest.Create(String requestUriString)
   在 shell.websocket.DownFile(String path, String adress) 位置 G:\shell\shell1.2\shell\websocket.cs:行号 755
   在 shell.websocket.ProBoomTempletInfo(JObject JO, Socket socket) 位置 G:\shell\shell1.2\shell\websocket.cs:行号 1241
触发方法：Void CreateThis(System.String, Boolean, System.UriKind)

当前时间：2018/2/2 10:10:13
异常信息：无效的 URI: 未能确定 URI 的格式。
异常对象：System
调用堆栈：
在 System.Uri.CreateThis(String uri, Boolean dontEscape, UriKind uriKind)
   在 System.Uri..ctor(String uriString)
   在 System.Net.WebRequest.Create(String requestUriString)
   在 shell.websocket.DownFile(String path, String adress) 位置 G:\shell\shell1.2\shell\websocket.cs:行号 755
   在 shell.websocket.ProBoomTempletInfo(JObject JO, Socket socket) 位置 G:\shell\shell1.2\shell\websocket.cs:行号 1241
触发方法：Void CreateThis(System.String, Boolean, System.UriKind)

当前时间：2018/2/2 18:08:42
异常信息：未能找到路径“D:\ETCAD\制版\D20180122-0004(AZQ1620)[17_59_54]”的一部分。
异常对象：mscorlib
调用堆栈：
在 System.IO.__Error.WinIOError(Int32 errorCode, String maybeFullPath)
   在 System.IO.FileSystemEnumerableIterator`1.CommonInit()
   在 System.IO.FileSystemEnumerableIterator`1..ctor(String path, String originalUserPath, String searchPattern, SearchOption searchOption, SearchResultHandler`1 resultHandler, Boolean checkHost)
   在 System.IO.Directory.GetFiles(String path, String searchPattern, SearchOption searchOption)
   在 shell.check_thread.Check_dir() 位置 G:\shell\shell1.2\shell\check_thread.cs:行号 33
触发方法：Void WinIOError(Int32, System.String)

